# JRE version: Java(TM) SE Runtime Environment (8.0_51-b16) (build 1.8.0_51-b16)
# Java VM: Java HotSpot(TM) 64-Bit Server VM (25.51-b03 mixed mode windows-amd64 compressed oops)
Heap:
 PSYoungGen      total 431616K, used 97116K [0x00000000e0000000, 0x00000000ff900000, 0x0000000100000000)
  eden space 344064K, 22% used [0x00000000e0000000,0x00000000e4b75048,0x00000000f5000000)
  from space 87552K, 22% used [0x00000000fa300000,0x00000000fb662170,0x00000000ff880000)
  to   space 84992K, 0% used [0x00000000f5000000,0x00000000f5000000,0x00000000fa300000)
 ParOldGen       total 257536K, used 134844K [0x00000000a0000000, 0x00000000afb80000, 0x00000000e0000000)
  object space 257536K, 52% used [0x00000000a0000000,0x00000000a83af198,0x00000000afb80000)
 Metaspace       used 71710K, capacity 74018K, committed 74368K, reserved 1114112K
  class space    used 9062K, capacity 9529K, committed 9600K, reserved 1048576K
GC Heap History (10 events):
Event: 1059.785 GC heap before
{Heap before GC invocations=42 (full 7):
 PSYoungGen      total 426496K, used 375886K [0x00000000e0000000, 0x0000000100000000, 0x0000000100000000)
  eden space 327168K, 100% used [0x00000000e0000000,0x00000000f3f80000,0x00000000f3f80000)
  from space 99328K, 49% used [0x00000000f9f00000,0x00000000fce93b28,0x0000000100000000)
  to   space 97792K, 0% used [0x00000000f3f80000,0x00000000f3f80000,0x00000000f9f00000)
 ParOldGen       total 257536K, used 159996K [0x00000000a0000000, 0x00000000afb80000, 0x00000000e0000000)
  object space 257536K, 62% used [0x00000000a0000000,0x00000000a9c3f1c8,0x00000000afb80000)
 Metaspace       used 71697K, capacity 74018K, committed 74368K, reserved 1114112K
  class space    used 9061K, capacity 9529K, committed 9600K, reserved 1048576K
Event: 1059.874 GC heap after
Heap after GC invocations=42 (full 7):
 PSYoungGen      total 355840K, used 28351K [0x00000000e0000000, 0x00000000ff580000, 0x0000000100000000)
  eden space 327168K, 0% used [0x00000000e0000000,0x00000000e0000000,0x00000000f3f80000)
  from space 28672K, 98% used [0x00000000f3f80000,0x00000000f5b2fe28,0x00000000f5b80000)
  to   space 93184K, 0% used [0x00000000f9a80000,0x00000000f9a80000,0x00000000ff580000)
 ParOldGen       total 257536K, used 188549K [0x00000000a0000000, 0x00000000afb80000, 0x00000000e0000000)
  object space 257536K, 73% used [0x00000000a0000000,0x00000000ab821558,0x00000000afb80000)
 Metaspace       used 71697K, capacity 74018K, committed 74368K, reserved 1114112K
  class space    used 9061K, capacity 9529K, committed 9600K, reserved 1048576K
}
Event: 1060.501 GC heap before
{Heap before GC invocations=43 (full 7):
 PSYoungGen      total 355840K, used 355519K [0x00000000e0000000, 0x00000000ff580000, 0x0000000100000000)
  eden space 327168K, 100% used [0x00000000e0000000,0x00000000f3f80000,0x00000000f3f80000)
  from space 28672K, 98% used [0x00000000f3f80000,0x00000000f5b2fe28,0x00000000f5b80000)
  to   space 93184K, 0% used [0x00000000f9a80000,0x00000000f9a80000,0x00000000ff580000)
 ParOldGen       total 257536K, used 188549K [0x00000000a0000000, 0x00000000afb80000, 0x00000000e0000000)
  object space 257536K, 73% used [0x00000000a0000000,0x00000000ab821558,0x00000000afb80000)
 Metaspace       used 71704K, capacity 74018K, committed 74368K, reserved 1114112K
  class space    used 9062K, capacity 9529K, committed 9600K, reserved 1048576K
Event: 1060.546 GC heap after
Heap after GC invocations=43 (full 7):
 PSYoungGen      total 423936K, used 24818K [0x00000000e0000000, 0x0000000100000000, 0x0000000100000000)
  eden space 330752K, 0% used [0x00000000e0000000,0x00000000e0000000,0x00000000f4300000)
  from space 93184K, 26% used [0x00000000f9a80000,0x00000000fb2bca40,0x00000000ff580000)
  to   space 89600K, 0% used [0x00000000f4300000,0x00000000f4300000,0x00000000f9a80000)
 ParOldGen       total 257536K, used 198449K [0x00000000a0000000, 0x00000000afb80000, 0x00000000e0000000)
  object space 257536K, 77% used [0x00000000a0000000,0x00000000ac1cc718,0x00000000afb80000)
 Metaspace       used 71704K, capacity 74018K, committed 74368K, reserved 1114112K
  class space    used 9062K, capacity 9529K, committed 9600K, reserved 1048576K
}
Event: 1061.139 GC heap before
{Heap before GC invocations=44 (full 7):
 PSYoungGen      total 423936K, used 355570K [0x00000000e0000000, 0x0000000100000000, 0x0000000100000000)
  eden space 330752K, 100% used [0x00000000e0000000,0x00000000f4300000,0x00000000f4300000)
  from space 93184K, 26% used [0x00000000f9a80000,0x00000000fb2bca40,0x00000000ff580000)
  to   space 89600K, 0% used [0x00000000f4300000,0x00000000f4300000,0x00000000f9a80000)
 ParOldGen       total 257536K, used 198449K [0x00000000a0000000, 0x00000000afb80000, 0x00000000e0000000)
  object space 257536K, 77% used [0x00000000a0000000,0x00000000ac1cc718,0x00000000afb80000)
 Metaspace       used 71708K, capacity 74018K, committed 74368K, reserved 1114112K
  class space    used 9062K, capacity 9529K, committed 9600K, reserved 1048576K
Event: 1061.224 GC heap after
Heap after GC invocations=44 (full 7):
 PSYoungGen      total 420352K, used 43851K [0x00000000e0000000, 0x00000000ff880000, 0x0000000100000000)
  eden space 330752K, 0% used [0x00000000e0000000,0x00000000e0000000,0x00000000f4300000)
  from space 89600K, 48% used [0x00000000f4300000,0x00000000f6dd2c08,0x00000000f9a80000)
  to   space 87552K, 0% used [0x00000000fa300000,0x00000000fa300000,0x00000000ff880000)
 ParOldGen       total 257536K, used 212241K [0x00000000a0000000, 0x00000000afb80000, 0x00000000e0000000)
  object space 257536K, 82% used [0x00000000a0000000,0x00000000acf444b0,0x00000000afb80000)
 Metaspace       used 71708K, capacity 74018K, committed 74368K, reserved 1114112K
  class space    used 9062K, capacity 9529K, committed 9600K, reserved 1048576K
}
Event: 1061.224 GC heap before
{Heap before GC invocations=45 (full 8):
 PSYoungGen      total 420352K, used 43851K [0x00000000e0000000, 0x00000000ff880000, 0x0000000100000000)
  eden space 330752K, 0% used [0x00000000e0000000,0x00000000e0000000,0x00000000f4300000)
  from space 89600K, 48% used [0x00000000f4300000,0x00000000f6dd2c08,0x00000000f9a80000)
  to   space 87552K, 0% used [0x00000000fa300000,0x00000000fa300000,0x00000000ff880000)
 ParOldGen       total 257536K, used 212241K [0x00000000a0000000, 0x00000000afb80000, 0x00000000e0000000)
  object space 257536K, 82% used [0x00000000a0000000,0x00000000acf444b0,0x00000000afb80000)
 Metaspace       used 71708K, capacity 74018K, committed 74368K, reserved 1114112K
  class space    used 9062K, capacity 9529K, committed 9600K, reserved 1048576K
Event: 1061.975 GC heap after
Heap after GC invocations=45 (full 8):
 PSYoungGen      total 420352K, used 0K [0x00000000e0000000, 0x00000000ff880000, 0x0000000100000000)
  eden space 330752K, 0% used [0x00000000e0000000,0x00000000e0000000,0x00000000f4300000)
  from space 89600K, 0% used [0x00000000f4300000,0x00000000f4300000,0x00000000f9a80000)
  to   space 87552K, 0% used [0x00000000fa300000,0x00000000fa300000,0x00000000ff880000)
 ParOldGen       total 257536K, used 134836K [0x00000000a0000000, 0x00000000afb80000, 0x00000000e0000000)
  object space 257536K, 52% used [0x00000000a0000000,0x00000000a83ad198,0x00000000afb80000)
 Metaspace       used 71708K, capacity 74018K, committed 74368K, reserved 1114112K
  class space    used 9062K, capacity 9529K, committed 9600K, reserved 1048576K
}
Event: 1062.762 GC heap before
{Heap before GC invocations=46 (full 8):
 PSYoungGen      total 420352K, used 330752K [0x00000000e0000000, 0x00000000ff880000, 0x0000000100000000)
  eden space 330752K, 100% used [0x00000000e0000000,0x00000000f4300000,0x00000000f4300000)
  from space 89600K, 0% used [0x00000000f4300000,0x00000000f4300000,0x00000000f9a80000)
  to   space 87552K, 0% used [0x00000000fa300000,0x00000000fa300000,0x00000000ff880000)
 ParOldGen       total 257536K, used 134836K [0x00000000a0000000, 0x00000000afb80000, 0x00000000e0000000)
  object space 257536K, 52% used [0x00000000a0000000,0x00000000a83ad198,0x00000000afb80000)
 Metaspace       used 71710K, capacity 74018K, committed 74368K, reserved 1114112K
  class space    used 9062K, capacity 9529K, committed 9600K, reserved 1048576K
Event: 1062.801 GC heap after
Heap after GC invocations=46 (full 8):
 PSYoungGen      total 431616K, used 19848K [0x00000000e0000000, 0x00000000ff900000, 0x0000000100000000)
  eden space 344064K, 0% used [0x00000000e0000000,0x00000000e0000000,0x00000000f5000000)
  from space 87552K, 22% used [0x00000000fa300000,0x00000000fb662170,0x00000000ff880000)
  to   space 84992K, 0% used [0x00000000f5000000,0x00000000f5000000,0x00000000fa300000)
 ParOldGen       total 257536K, used 134844K [0x00000000a0000000, 0x00000000afb80000, 0x00000000e0000000)
  object space 257536K, 52% used [0x00000000a0000000,0x00000000a83af198,0x00000000afb80000)
 Metaspace       used 71710K, capacity 74018K, committed 74368K, reserved 1114112K
  class space    used 9062K, capacity 9529K, committed 9600K, reserved 1048576K
}

